0	1	mikroCPIC1618.exe -MSF -DBG -pP16F1825 -DL -O11111114 -fo8 -N"D:\GitHub\Controlador5A\Controlador5A.mcppi" -SP"D:\Program Files\mikroC PRO for PIC\defs\" -SP"D:\Program Files\mikroC PRO for PIC\Uses\P16_Enh\" -SP"D:\GitHub\Controlador5A\" -SP"C:\Users\Public\Documents\Mikroelektronika\mikroC PRO for PIC\Defs\" -SP"C:\Users\Public\Documents\Mikroelektronika\mikroC PRO for PIC\Uses\P16_Enh\" -SP"C:\Users\Samsung\Desktop\MinervaBots\Projetos\Controlador\Controlador 2017.2\Controlador 5A\Projeto de software\Controlador5A-master\Controlador5A-master\" -IP"D:\GitHub\Controlador5A\" "Controlador5A.c" "setupFunctions.c" "__Lib_Math.mcl" "__Lib_MathDouble.mcl" "__Lib_System.mcl" "__Lib_Delays.mcl" "__Lib_CType.mcl" "__Lib_CString.mcl" "__Lib_CStdlib.mcl" "__Lib_CMath.mcl" "__Lib_MemManager.mcl" "__Lib_Conversions.mcl" "__Lib_Sprinti.mcl" "__Lib_Sprintl.mcl" "__Lib_Time.mcl" "__Lib_Trigonometry.mcl" "__Lib_Button.mcl" "__Lib_Manchester.mcl" "__Lib_OneWire.mcl" "__Lib_PS2.mcl" "__Lib_Sound.mcl" "__Lib_SoftI2C.mcl" "__Lib_SoftSPI.mcl" "__Lib_SoftUART.mcl" "__Lib_ADC.mcl" "__Lib_EEPROM.mcl" "__Lib_FLASH_rwe.mcl" "__Lib_I2C_c01.mcl" "__Lib_PWM_c53a2c1.mcl" "__Lib_SPI_c012.mcl" "__Lib_UART_c45.mcl" "__Lib_PortExpander.mcl" "__Lib_CANSPI.mcl" "__Lib_GlcdFonts.mcl" "__Lib_LcdConsts.mcl" "__Lib_Lcd.mcl" "__Lib_RS485.mcl" "__Lib_SPIGlcd.mcl" "__Lib_SPILcd.mcl" "__Lib_SPILcd8.mcl" "__Lib_SPIT6963C.mcl" "__Lib_EthEnc28j60.mcl" "__Lib_EthEnc24j600.mcl"	 
warning: 0	1501	Specified search path does not exist: 'C:\Users\Public\Documents\Mikroelektronika\mikroC PRO for PIC\Defs'	 
warning: 0	1501	Specified search path does not exist: 'C:\Users\Public\Documents\Mikroelektronika\mikroC PRO for PIC\Uses\P16_Enh'	 
warning: 0	1501	Specified search path does not exist: 'C:\Users\Samsung\Desktop\MinervaBots\Projetos\Controlador\Controlador 2017.2\Controlador 5A\Projeto de software\Controlador5A-master\Controlador5A-master'	 
hint: 0	1139	Available RAM: 848 [bytes], Available ROM: 8192 [bytes]	 
diagnostics: 0	126	All files Preprocessed in 281 ms	 
diagnostics: 0	122	Compilation Started	setupfunctions.h
hint: 355	1163	Variable 'buffer' has been declared, but not used	Controlador5A.c
hint: 356	1163	Variable 'dc' has been declared, but not used	Controlador5A.c
hint: 357	1163	Variable 'i' has been declared, but not used	Controlador5A.c
hint: 358	1163	Variable 'adc_value' has been declared, but not used	Controlador5A.c
hint: 359	1163	Variable 'adc_value2' has been declared, but not used	Controlador5A.c
diagnostics: 373	123	Compiled Successfully	Controlador5A.c
hint: 289	1164	Variable 'signal_value' has been eliminated by optimizer	Controlador5A.c
hint: 354	1164	Variable 'txt' has been eliminated by optimizer	Controlador5A.c
diagnostics: 0	122	Compilation Started	setupFunctions.c
warning: 97	1509	Generated baud rate is 9615 bps (error = 0.16 percent)	setupFunctions.c
diagnostics: 114	123	Compiled Successfully	setupFunctions.c
diagnostics: 0	127	All files Compiled in 328 ms	 
hint: 0	1144	Used RAM (bytes): 43 (5%)  Free RAM (bytes): 805 (95%)	Used RAM (bytes): 43 (5%)  Free RAM (bytes): 805 (95%)
hint: 0	1144	Used ROM (program words): 491 (6%)  Free ROM (program words): 7701 (94%)	Used ROM (program words): 491 (6%)  Free ROM (program words): 7701 (94%)
diagnostics: 0	125	Project Linked Successfully	Controlador5A.mcppi
diagnostics: 0	128	Linked in 63 ms	 
diagnostics: 0	129	Project 'Controlador5A.mcppi' completed: 704 ms	 
diagnostics: 0	103	Finished successfully: 13 Mar 2018, 18:22:13	Controlador5A.mcppi
